This file contains any messages produced by compilers while
running configure, to aid debugging if configure makes a mistake.

It was created by moon-buggy configure 1.0.51, which was
generated by GNU Autoconf 2.71.  Invocation command line was

  $ ./configure

## --------- ##
## Platform. ##
## --------- ##

hostname = DESKTOP-3D2B8NK
uname -m = x86_64
uname -r = 5.15.90.1-microsoft-standard-WSL2
uname -s = Linux
uname -v = #1 SMP Fri Jan 27 02:56:13 UTC 2023

/usr/bin/uname -p = x86_64
/bin/uname -X     = unknown

/bin/arch              = x86_64
/usr/bin/arch -k       = unknown
/usr/convex/getsysinfo = unknown
/usr/bin/hostinfo      = unknown
/bin/machine           = unknown
/usr/bin/oslevel       = unknown
/bin/universe          = unknown

PATH: /home/user/miniconda3/envs/env1/bin/
PATH: /home/user/miniconda3/condabin/
PATH: /usr/local/sbin/
PATH: /usr/local/bin/
PATH: /usr/sbin/
PATH: /usr/bin/
PATH: /sbin/
PATH: /bin/
PATH: /usr/games/
PATH: /usr/local/games/
PATH: /usr/lib/wsl/lib/
PATH: /mnt/c/WINDOWS/system32/
PATH: /mnt/c/WINDOWS/
PATH: /mnt/c/WINDOWS/System32/Wbem/
PATH: /mnt/c/WINDOWS/System32/WindowsPowerShell/v1.0/
PATH: /mnt/c/WINDOWS/System32/OpenSSH/
PATH: /mnt/c/Program Files/Git/cmd/
PATH: /mnt/c/Program Files/PuTTY/
PATH: /mnt/c/Program Files/MATLAB/R2022b/bin/
PATH: /mnt/c/Program Files/Docker/Docker/resources/bin/
PATH: /mnt/c/Program Files/TortoiseGit/bin/
PATH: /mnt/c/Users/Surface/AppData/Local/Microsoft/WindowsApps/
PATH: /mnt/c/Users/Surface/AppData/Local/Programs/Microsoft VS Code/bin/
PATH: /snap/bin/
PATH: /mnt/c/Users/Surface/Desktop/UVA/SoftwareSecurity/pin-3.25-98650-g8f6168173-gcc-linux/


## ----------- ##
## Core tests. ##
## ----------- ##

configure:2417: looking for aux files: compile config.guess config.sub missing install-sh
configure:2430:  trying ./
configure:2459:   ./compile found
configure:2459:   ./config.guess found
configure:2459:   ./config.sub found
configure:2459:   ./missing found
configure:2441:   ./install-sh found
configure:2589: checking for a BSD-compatible install
configure:2662: result: /usr/bin/install -c
configure:2673: checking whether build environment is sane
configure:2728: result: yes
configure:2887: checking for a race-free mkdir -p
configure:2931: result: /usr/bin/mkdir -p
configure:2938: checking for gawk
configure:2959: found /usr/bin/gawk
configure:2970: result: gawk
configure:2981: checking whether make sets $(MAKE)
configure:3004: result: yes
configure:3034: checking whether make supports nested variables
configure:3052: result: yes
configure:3197: checking build system type
configure:3212: result: x86_64-pc-linux-gnu
configure:3232: checking host system type
configure:3246: result: x86_64-pc-linux-gnu
configure:3349: checking for gcc
configure:3370: found /usr/bin/gcc
configure:3381: result: gcc
configure:3734: checking for C compiler version
configure:3743: gcc --version >&5
gcc (Ubuntu 11.3.0-1ubuntu1~22.04) 11.3.0
Copyright (C) 2021 Free Software Foundation, Inc.
This is free software; see the source for copying conditions.  There is NO
warranty; not even for MERCHANTABILITY or FITNESS FOR A PARTICULAR PURPOSE.

configure:3754: $? = 0
configure:3743: gcc -v >&5
Using built-in specs.
COLLECT_GCC=gcc
COLLECT_LTO_WRAPPER=/usr/lib/gcc/x86_64-linux-gnu/11/lto-wrapper
OFFLOAD_TARGET_NAMES=nvptx-none:amdgcn-amdhsa
OFFLOAD_TARGET_DEFAULT=1
Target: x86_64-linux-gnu
Configured with: ../src/configure -v --with-pkgversion='Ubuntu 11.3.0-1ubuntu1~22.04' --with-bugurl=file:///usr/share/doc/gcc-11/README.Bugs --enable-languages=c,ada,c++,go,brig,d,fortran,objc,obj-c++,m2 --prefix=/usr --with-gcc-major-version-only --program-suffix=-11 --program-prefix=x86_64-linux-gnu- --enable-shared --enable-linker-build-id --libexecdir=/usr/lib --without-included-gettext --enable-threads=posix --libdir=/usr/lib --enable-nls --enable-bootstrap --enable-clocale=gnu --enable-libstdcxx-debug --enable-libstdcxx-time=yes --with-default-libstdcxx-abi=new --enable-gnu-unique-object --disable-vtable-verify --enable-plugin --enable-default-pie --with-system-zlib --enable-libphobos-checking=release --with-target-system-zlib=auto --enable-objc-gc=auto --enable-multiarch --disable-werror --enable-cet --with-arch-32=i686 --with-abi=m64 --with-multilib-list=m32,m64,mx32 --enable-multilib --with-tune=generic --enable-offload-targets=nvptx-none=/build/gcc-11-xKiWfi/gcc-11-11.3.0/debian/tmp-nvptx/usr,amdgcn-amdhsa=/build/gcc-11-xKiWfi/gcc-11-11.3.0/debian/tmp-gcn/usr --without-cuda-driver --enable-checking=release --build=x86_64-linux-gnu --host=x86_64-linux-gnu --target=x86_64-linux-gnu --with-build-config=bootstrap-lto-lean --enable-link-serialization=2
Thread model: posix
Supported LTO compression algorithms: zlib zstd
gcc version 11.3.0 (Ubuntu 11.3.0-1ubuntu1~22.04) 
... rest of stderr output deleted ...
configure:3754: $? = 0
configure:3743: gcc -V >&5
gcc: error: unrecognized command-line option '-V'
gcc: fatal error: no input files
compilation terminated.
configure:3754: $? = 1
configure:3743: gcc -qversion >&5
gcc: error: unrecognized command-line option '-qversion'; did you mean '--version'?
gcc: fatal error: no input files
compilation terminated.
configure:3754: $? = 1
configure:3743: gcc -version >&5
gcc: error: unrecognized command-line option '-version'
gcc: fatal error: no input files
compilation terminated.
configure:3754: $? = 1
configure:3774: checking whether the C compiler works
configure:3796: gcc    conftest.c  >&5
configure:3800: $? = 0
configure:3850: result: yes
configure:3853: checking for C compiler default output file name
configure:3855: result: a.out
configure:3861: checking for suffix of executables
configure:3868: gcc -o conftest    conftest.c  >&5
configure:3872: $? = 0
configure:3895: result: 
configure:3917: checking whether we are cross compiling
configure:3925: gcc -o conftest    conftest.c  >&5
configure:3929: $? = 0
configure:3936: ./conftest
configure:3940: $? = 0
configure:3955: result: no
configure:3960: checking for suffix of object files
configure:3983: gcc -c   conftest.c >&5
configure:3987: $? = 0
configure:4009: result: o
configure:4013: checking whether the compiler supports GNU C
configure:4033: gcc -c   conftest.c >&5
configure:4033: $? = 0
configure:4043: result: yes
configure:4054: checking whether gcc accepts -g
configure:4075: gcc -c -g  conftest.c >&5
configure:4075: $? = 0
configure:4119: result: yes
configure:4139: checking for gcc option to enable C11 features
configure:4154: gcc  -c -g -O2  conftest.c >&5
configure:4154: $? = 0
configure:4172: result: none needed
configure:4288: checking whether gcc understands -c and -o together
configure:4311: gcc -c conftest.c -o conftest2.o
configure:4314: $? = 0
configure:4311: gcc -c conftest.c -o conftest2.o
configure:4314: $? = 0
configure:4326: result: yes
configure:4346: checking whether make supports the include directive
configure:4361: make -f confmf.GNU && cat confinc.out
this is the am__doit target
configure:4364: $? = 0
configure:4383: result: yes (GNU style)
configure:4409: checking dependency style of gcc
configure:4521: result: gcc3
configure:4538: checking for modf in -lm
configure:4561: gcc -o conftest -g -O2   conftest.c -lm   >&5
conftest.c:16:6: warning: conflicting types for built-in function 'modf'; expected 'double(double,  double *)' [-Wbuiltin-declaration-mismatch]
   16 | char modf ();
      |      ^~~~
conftest.c:1:1: note: 'modf' is declared in header '<math.h>'
    1 | /* confdefs.h */
configure:4561: $? = 0
configure:4571: result: yes
configure:4585: checking for stdio.h
configure:4585: gcc -c -g -O2  conftest.c >&5
configure:4585: $? = 0
configure:4585: result: yes
configure:4585: checking for stdlib.h
configure:4585: gcc -c -g -O2  conftest.c >&5
configure:4585: $? = 0
configure:4585: result: yes
configure:4585: checking for string.h
configure:4585: gcc -c -g -O2  conftest.c >&5
configure:4585: $? = 0
configure:4585: result: yes
configure:4585: checking for inttypes.h
configure:4585: gcc -c -g -O2  conftest.c >&5
configure:4585: $? = 0
configure:4585: result: yes
configure:4585: checking for stdint.h
configure:4585: gcc -c -g -O2  conftest.c >&5
configure:4585: $? = 0
configure:4585: result: yes
configure:4585: checking for strings.h
configure:4585: gcc -c -g -O2  conftest.c >&5
configure:4585: $? = 0
configure:4585: result: yes
configure:4585: checking for sys/stat.h
configure:4585: gcc -c -g -O2  conftest.c >&5
configure:4585: $? = 0
configure:4585: result: yes
configure:4585: checking for sys/types.h
configure:4585: gcc -c -g -O2  conftest.c >&5
configure:4585: $? = 0
configure:4585: result: yes
configure:4585: checking for unistd.h
configure:4585: gcc -c -g -O2  conftest.c >&5
configure:4585: $? = 0
configure:4585: result: yes
configure:4611: checking for curses preprocessor flags
configure:4631: result: none
configure:4653: checking for curses.h
configure:4653: gcc -c -g -O2   conftest.c >&5
configure:4653: $? = 0
configure:4653: result: yes
configure:4675: checking how to include the curses header file
configure:4681: result: <curses.h>
configure:4704: checking for initscr in -lcurses
configure:4727: gcc -o conftest -g -O2   conftest.c -lcurses  -lm  >&5
configure:4727: $? = 0
configure:4737: result: yes
configure:4787: checking for curses linker flags
configure:4791: result: -lcurses
configure:4801: checking for grep that handles long lines and -e
configure:4865: result: /usr/bin/grep
configure:4873: checking for egrep
configure:4941: result: /usr/bin/grep -E
configure:4947: checking for getopt.h
configure:4947: gcc -c -g -O2  conftest.c >&5
configure:4947: $? = 0
configure:4947: result: yes
configure:4953: checking for errno.h
configure:4953: gcc -c -g -O2  conftest.c >&5
configure:4953: $? = 0
configure:4953: result: yes
configure:4959: checking for locale.h
configure:4959: gcc -c -g -O2  conftest.c >&5
configure:4959: $? = 0
configure:4959: result: yes
configure:4965: checking for termios.h
configure:4965: gcc -c -g -O2  conftest.c >&5
configure:4965: $? = 0
configure:4965: result: yes
configure:4974: checking for fd_set
configure:4987: gcc -c -g -O2  conftest.c >&5
conftest.c: In function 'main':
conftest.c:33:1: error: unknown type name 'fd_set'
   33 | fd_set readMask, writeMask;
      | ^~~~~~
configure:4987: $? = 1
configure: failed program was:
| /* confdefs.h */
| #define PACKAGE_NAME "moon-buggy"
| #define PACKAGE_TARNAME "moon-buggy"
| #define PACKAGE_VERSION "1.0.51"
| #define PACKAGE_STRING "moon-buggy 1.0.51"
| #define PACKAGE_BUGREPORT "voss@seehuhn.de"
| #define PACKAGE_URL ""
| #define PACKAGE "moon-buggy"
| #define VERSION "1.0.51"
| #define _XOPEN_SOURCE 1
| #define HAVE_LIBM 1
| #define HAVE_STDIO_H 1
| #define HAVE_STDLIB_H 1
| #define HAVE_STRING_H 1
| #define HAVE_INTTYPES_H 1
| #define HAVE_STDINT_H 1
| #define HAVE_STRINGS_H 1
| #define HAVE_SYS_STAT_H 1
| #define HAVE_SYS_TYPES_H 1
| #define HAVE_UNISTD_H 1
| #define STDC_HEADERS 1
| #define HAVE_CURSES_H 1
| #define CURSES_HEADER <curses.h>
| #define HAVE_GETOPT_H 1
| #define HAVE_ERRNO_H 1
| #define HAVE_LOCALE_H 1
| #define HAVE_TERMIOS_H 1
| /* end confdefs.h.  */
| #include <sys/types.h>
| int
| main (void)
| {
| fd_set readMask, writeMask;
|   ;
|   return 0;
| }
configure:5003: checking how to run the C preprocessor
configure:5029: gcc -E  conftest.c
configure:5029: $? = 0
configure:5044: gcc -E  conftest.c
conftest.c:29:10: fatal error: ac_nonexistent.h: No such file or directory
   29 | #include <ac_nonexistent.h>
      |          ^~~~~~~~~~~~~~~~~~
compilation terminated.
configure:5044: $? = 1
configure: failed program was:
| /* confdefs.h */
| #define PACKAGE_NAME "moon-buggy"
| #define PACKAGE_TARNAME "moon-buggy"
| #define PACKAGE_VERSION "1.0.51"
| #define PACKAGE_STRING "moon-buggy 1.0.51"
| #define PACKAGE_BUGREPORT "voss@seehuhn.de"
| #define PACKAGE_URL ""
| #define PACKAGE "moon-buggy"
| #define VERSION "1.0.51"
| #define _XOPEN_SOURCE 1
| #define HAVE_LIBM 1
| #define HAVE_STDIO_H 1
| #define HAVE_STDLIB_H 1
| #define HAVE_STRING_H 1
| #define HAVE_INTTYPES_H 1
| #define HAVE_STDINT_H 1
| #define HAVE_STRINGS_H 1
| #define HAVE_SYS_STAT_H 1
| #define HAVE_SYS_TYPES_H 1
| #define HAVE_UNISTD_H 1
| #define STDC_HEADERS 1
| #define HAVE_CURSES_H 1
| #define CURSES_HEADER <curses.h>
| #define HAVE_GETOPT_H 1
| #define HAVE_ERRNO_H 1
| #define HAVE_LOCALE_H 1
| #define HAVE_TERMIOS_H 1
| /* end confdefs.h.  */
| #include <ac_nonexistent.h>
configure:5071: result: gcc -E
configure:5085: gcc -E  conftest.c
configure:5085: $? = 0
configure:5100: gcc -E  conftest.c
conftest.c:29:10: fatal error: ac_nonexistent.h: No such file or directory
   29 | #include <ac_nonexistent.h>
      |          ^~~~~~~~~~~~~~~~~~
compilation terminated.
configure:5100: $? = 1
configure: failed program was:
| /* confdefs.h */
| #define PACKAGE_NAME "moon-buggy"
| #define PACKAGE_TARNAME "moon-buggy"
| #define PACKAGE_VERSION "1.0.51"
| #define PACKAGE_STRING "moon-buggy 1.0.51"
| #define PACKAGE_BUGREPORT "voss@seehuhn.de"
| #define PACKAGE_URL ""
| #define PACKAGE "moon-buggy"
| #define VERSION "1.0.51"
| #define _XOPEN_SOURCE 1
| #define HAVE_LIBM 1
| #define HAVE_STDIO_H 1
| #define HAVE_STDLIB_H 1
| #define HAVE_STRING_H 1
| #define HAVE_INTTYPES_H 1
| #define HAVE_STDINT_H 1
| #define HAVE_STRINGS_H 1
| #define HAVE_SYS_STAT_H 1
| #define HAVE_SYS_TYPES_H 1
| #define HAVE_UNISTD_H 1
| #define STDC_HEADERS 1
| #define HAVE_CURSES_H 1
| #define CURSES_HEADER <curses.h>
| #define HAVE_GETOPT_H 1
| #define HAVE_ERRNO_H 1
| #define HAVE_LOCALE_H 1
| #define HAVE_TERMIOS_H 1
| /* end confdefs.h.  */
| #include <ac_nonexistent.h>
configure:5147: result: yes, found in sys/select.h
configure:5158: checking for an ANSI C-conforming const
configure:5225: gcc -c -g -O2  conftest.c >&5
configure:5225: $? = 0
configure:5233: result: yes
configure:5241: checking for uid_t in sys/types.h
configure:5262: result: yes
configure:5273: checking for size_t
configure:5273: gcc -c -g -O2  conftest.c >&5
configure:5273: $? = 0
configure:5273: gcc -c -g -O2  conftest.c >&5
conftest.c: In function 'main':
conftest.c:61:21: error: expected expression before ')' token
   61 | if (sizeof ((size_t)))
      |                     ^
configure:5273: $? = 1
configure: failed program was:
| /* confdefs.h */
| #define PACKAGE_NAME "moon-buggy"
| #define PACKAGE_TARNAME "moon-buggy"
| #define PACKAGE_VERSION "1.0.51"
| #define PACKAGE_STRING "moon-buggy 1.0.51"
| #define PACKAGE_BUGREPORT "voss@seehuhn.de"
| #define PACKAGE_URL ""
| #define PACKAGE "moon-buggy"
| #define VERSION "1.0.51"
| #define _XOPEN_SOURCE 1
| #define HAVE_LIBM 1
| #define HAVE_STDIO_H 1
| #define HAVE_STDLIB_H 1
| #define HAVE_STRING_H 1
| #define HAVE_INTTYPES_H 1
| #define HAVE_STDINT_H 1
| #define HAVE_STRINGS_H 1
| #define HAVE_SYS_STAT_H 1
| #define HAVE_SYS_TYPES_H 1
| #define HAVE_UNISTD_H 1
| #define STDC_HEADERS 1
| #define HAVE_CURSES_H 1
| #define CURSES_HEADER <curses.h>
| #define HAVE_GETOPT_H 1
| #define HAVE_ERRNO_H 1
| #define HAVE_LOCALE_H 1
| #define HAVE_TERMIOS_H 1
| #define HAVE_SYS_SELECT_H 1
| /* end confdefs.h.  */
| #include <stddef.h>
| #ifdef HAVE_STDIO_H
| # include <stdio.h>
| #endif
| #ifdef HAVE_STDLIB_H
| # include <stdlib.h>
| #endif
| #ifdef HAVE_STRING_H
| # include <string.h>
| #endif
| #ifdef HAVE_INTTYPES_H
| # include <inttypes.h>
| #endif
| #ifdef HAVE_STDINT_H
| # include <stdint.h>
| #endif
| #ifdef HAVE_STRINGS_H
| # include <strings.h>
| #endif
| #ifdef HAVE_SYS_TYPES_H
| # include <sys/types.h>
| #endif
| #ifdef HAVE_SYS_STAT_H
| # include <sys/stat.h>
| #endif
| #ifdef HAVE_UNISTD_H
| # include <unistd.h>
| #endif
| int
| main (void)
| {
| if (sizeof ((size_t)))
| 	    return 0;
|   ;
|   return 0;
| }
configure:5273: result: yes
configure:5284: checking return type of signal handlers
configure:5303: gcc -c -g -O2  conftest.c >&5
conftest.c: In function 'main':
conftest.c:36:10: error: void value not ignored as it ought to be
   36 | return *(signal (0, 0)) (0) == 1;
      |         ~^~~~~~~~~~~~~~~~~~
configure:5303: $? = 1
configure: failed program was:
| /* confdefs.h */
| #define PACKAGE_NAME "moon-buggy"
| #define PACKAGE_TARNAME "moon-buggy"
| #define PACKAGE_VERSION "1.0.51"
| #define PACKAGE_STRING "moon-buggy 1.0.51"
| #define PACKAGE_BUGREPORT "voss@seehuhn.de"
| #define PACKAGE_URL ""
| #define PACKAGE "moon-buggy"
| #define VERSION "1.0.51"
| #define _XOPEN_SOURCE 1
| #define HAVE_LIBM 1
| #define HAVE_STDIO_H 1
| #define HAVE_STDLIB_H 1
| #define HAVE_STRING_H 1
| #define HAVE_INTTYPES_H 1
| #define HAVE_STDINT_H 1
| #define HAVE_STRINGS_H 1
| #define HAVE_SYS_STAT_H 1
| #define HAVE_SYS_TYPES_H 1
| #define HAVE_UNISTD_H 1
| #define STDC_HEADERS 1
| #define HAVE_CURSES_H 1
| #define CURSES_HEADER <curses.h>
| #define HAVE_GETOPT_H 1
| #define HAVE_ERRNO_H 1
| #define HAVE_LOCALE_H 1
| #define HAVE_TERMIOS_H 1
| #define HAVE_SYS_SELECT_H 1
| /* end confdefs.h.  */
| #include <sys/types.h>
| #include <signal.h>
| 
| int
| main (void)
| {
| return *(signal (0, 0)) (0) == 1;
|   ;
|   return 0;
| }
configure:5311: result: void
configure:5317: checking for fclean
configure:5317: gcc -o conftest -g -O2   conftest.c -lm  >&5
/usr/bin/ld: /tmp/ccDiUZhG.o: in function `main':
/mnt/c/Users/Surface/Desktop/UVA/SoftwareSecurity/CS-6501-Software-Security-via-Program-Analysis/Zombie-Moon-Buggy/moon-buggy-master/conftest.c:58: undefined reference to `fclean'
collect2: error: ld returned 1 exit status
configure:5317: $? = 1
configure: failed program was:
| /* confdefs.h */
| #define PACKAGE_NAME "moon-buggy"
| #define PACKAGE_TARNAME "moon-buggy"
| #define PACKAGE_VERSION "1.0.51"
| #define PACKAGE_STRING "moon-buggy 1.0.51"
| #define PACKAGE_BUGREPORT "voss@seehuhn.de"
| #define PACKAGE_URL ""
| #define PACKAGE "moon-buggy"
| #define VERSION "1.0.51"
| #define _XOPEN_SOURCE 1
| #define HAVE_LIBM 1
| #define HAVE_STDIO_H 1
| #define HAVE_STDLIB_H 1
| #define HAVE_STRING_H 1
| #define HAVE_INTTYPES_H 1
| #define HAVE_STDINT_H 1
| #define HAVE_STRINGS_H 1
| #define HAVE_SYS_STAT_H 1
| #define HAVE_SYS_TYPES_H 1
| #define HAVE_UNISTD_H 1
| #define STDC_HEADERS 1
| #define HAVE_CURSES_H 1
| #define CURSES_HEADER <curses.h>
| #define HAVE_GETOPT_H 1
| #define HAVE_ERRNO_H 1
| #define HAVE_LOCALE_H 1
| #define HAVE_TERMIOS_H 1
| #define HAVE_SYS_SELECT_H 1
| #define RETSIGTYPE void
| /* end confdefs.h.  */
| /* Define fclean to an innocuous variant, in case <limits.h> declares fclean.
|    For example, HP-UX 11i <limits.h> declares gettimeofday.  */
| #define fclean innocuous_fclean
| 
| /* System header to define __stub macros and hopefully few prototypes,
|    which can conflict with char fclean (); below.  */
| 
| #include <limits.h>
| #undef fclean
| 
| /* Override any GCC internal prototype to avoid an error.
|    Use char because int might match the return type of a GCC
|    builtin and then its argument prototype would still apply.  */
| #ifdef __cplusplus
| extern "C"
| #endif
| char fclean ();
| /* The GNU C library defines this for functions which it implements
|     to always fail with ENOSYS.  Some functions are actually named
|     something starting with __ and the normal name is an alias.  */
| #if defined __stub_fclean || defined __stub___fclean
| choke me
| #endif
| 
| int
| main (void)
| {
| return fclean ();
|   ;
|   return 0;
| }
configure:5317: result: no
configure:5323: checking for ftruncate
configure:5323: gcc -o conftest -g -O2   conftest.c -lm  >&5
configure:5323: $? = 0
configure:5323: result: yes
configure:5329: checking for getopt_long
configure:5329: gcc -o conftest -g -O2   conftest.c -lm  >&5
configure:5329: $? = 0
configure:5329: result: yes
configure:5335: checking for setreuid
configure:5335: gcc -o conftest -g -O2   conftest.c -lm  >&5
configure:5335: $? = 0
configure:5335: result: yes
configure:5341: checking for setlocale
configure:5341: gcc -o conftest -g -O2   conftest.c -lm  >&5
configure:5341: $? = 0
configure:5341: result: yes
configure:5460: checking that generated files are newer than configure
configure:5466: result: done
configure:5493: creating ./config.status

## ---------------------- ##
## Running config.status. ##
## ---------------------- ##

This file was extended by moon-buggy config.status 1.0.51, which was
generated by GNU Autoconf 2.71.  Invocation command line was

  CONFIG_FILES    = 
  CONFIG_HEADERS  = 
  CONFIG_LINKS    = 
  CONFIG_COMMANDS = 
  $ ./config.status 

on DESKTOP-3D2B8NK

config.status:882: creating Makefile
config.status:882: creating config.h
config.status:1111: executing depfiles commands
config.status:1188: cd .       && sed -e '/# am--include-marker/d' Makefile         | make -f - am--depfiles
config.status:1193: $? = 0

## ---------------- ##
## Cache variables. ##
## ---------------- ##

ac_cv_build=x86_64-pc-linux-gnu
ac_cv_c_compiler_gnu=yes
ac_cv_c_const=yes
ac_cv_env_CC_set=
ac_cv_env_CC_value=
ac_cv_env_CFLAGS_set=
ac_cv_env_CFLAGS_value=
ac_cv_env_CPPFLAGS_set=
ac_cv_env_CPPFLAGS_value=
ac_cv_env_CPP_set=
ac_cv_env_CPP_value=
ac_cv_env_LDFLAGS_set=
ac_cv_env_LDFLAGS_value=
ac_cv_env_LIBS_set=
ac_cv_env_LIBS_value=
ac_cv_env_build_alias_set=
ac_cv_env_build_alias_value=
ac_cv_env_host_alias_set=
ac_cv_env_host_alias_value=
ac_cv_env_target_alias_set=
ac_cv_env_target_alias_value=
ac_cv_func_fclean=no
ac_cv_func_ftruncate=yes
ac_cv_func_getopt_long=yes
ac_cv_func_setlocale=yes
ac_cv_func_setreuid=yes
ac_cv_header_curses_h=yes
ac_cv_header_errno_h=yes
ac_cv_header_getopt_h=yes
ac_cv_header_inttypes_h=yes
ac_cv_header_locale_h=yes
ac_cv_header_stdint_h=yes
ac_cv_header_stdio_h=yes
ac_cv_header_stdlib_h=yes
ac_cv_header_string_h=yes
ac_cv_header_strings_h=yes
ac_cv_header_sys_stat_h=yes
ac_cv_header_sys_types_h=yes
ac_cv_header_termios_h=yes
ac_cv_header_unistd_h=yes
ac_cv_host=x86_64-pc-linux-gnu
ac_cv_lib_curses_initscr=yes
ac_cv_lib_m_modf=yes
ac_cv_objext=o
ac_cv_path_EGREP='/usr/bin/grep -E'
ac_cv_path_GREP=/usr/bin/grep
ac_cv_path_install='/usr/bin/install -c'
ac_cv_path_mkdir=/usr/bin/mkdir
ac_cv_prog_AWK=gawk
ac_cv_prog_CPP='gcc -E'
ac_cv_prog_ac_ct_CC=gcc
ac_cv_prog_cc_c11=
ac_cv_prog_cc_g=yes
ac_cv_prog_cc_stdc=
ac_cv_prog_make_make_set=yes
ac_cv_type_signal=void
ac_cv_type_size_t=yes
ac_cv_type_uid_t=yes
am_cv_CC_dependencies_compiler_type=gcc3
am_cv_make_support_nested_variables=yes
am_cv_prog_cc_c_o=yes

## ----------------- ##
## Output variables. ##
## ----------------- ##

ACLOCAL='${SHELL} '\''/mnt/c/Users/Surface/Desktop/UVA/SoftwareSecurity/CS-6501-Software-Security-via-Program-Analysis/Zombie-Moon-Buggy/moon-buggy-master/missing'\'' aclocal-1.16'
AMDEPBACKSLASH='\'
AMDEP_FALSE='#'
AMDEP_TRUE=''
AMTAR='$${TAR-tar}'
AM_BACKSLASH='\'
AM_DEFAULT_V='$(AM_DEFAULT_VERBOSITY)'
AM_DEFAULT_VERBOSITY='1'
AM_V='$(V)'
AUTOCONF='${SHELL} '\''/mnt/c/Users/Surface/Desktop/UVA/SoftwareSecurity/CS-6501-Software-Security-via-Program-Analysis/Zombie-Moon-Buggy/moon-buggy-master/missing'\'' autoconf'
AUTOHEADER='${SHELL} '\''/mnt/c/Users/Surface/Desktop/UVA/SoftwareSecurity/CS-6501-Software-Security-via-Program-Analysis/Zombie-Moon-Buggy/moon-buggy-master/missing'\'' autoheader'
AUTOMAKE='${SHELL} '\''/mnt/c/Users/Surface/Desktop/UVA/SoftwareSecurity/CS-6501-Software-Security-via-Program-Analysis/Zombie-Moon-Buggy/moon-buggy-master/missing'\'' automake-1.16'
AWK='gawk'
CC='gcc'
CCDEPMODE='depmode=gcc3'
CFLAGS='-g -O2'
CPP='gcc -E'
CPPFLAGS=''
CSCOPE='cscope'
CTAGS='ctags'
CURSES_INCLUDEDIR=''
CURSES_LIBS='-lcurses'
CYGPATH_W='echo'
DEFS='-DHAVE_CONFIG_H'
DEPDIR='.deps'
ECHO_C=''
ECHO_N='-n'
ECHO_T=''
EGREP='/usr/bin/grep -E'
ETAGS='etags'
EXEEXT=''
GAMEGROUP=''
GREP='/usr/bin/grep'
INSTALL_DATA='${INSTALL} -m 644'
INSTALL_PROGRAM='${INSTALL}'
INSTALL_SCRIPT='${INSTALL}'
INSTALL_STRIP_PROGRAM='$(install_sh) -c -s'
LDFLAGS=''
LIBOBJS=''
LIBS='-lm '
LTLIBOBJS=''
MAKEINFO='${SHELL} '\''/mnt/c/Users/Surface/Desktop/UVA/SoftwareSecurity/CS-6501-Software-Security-via-Program-Analysis/Zombie-Moon-Buggy/moon-buggy-master/missing'\'' makeinfo'
MKDIR_P='/usr/bin/mkdir -p'
OBJEXT='o'
PACKAGE='moon-buggy'
PACKAGE_BUGREPORT='voss@seehuhn.de'
PACKAGE_NAME='moon-buggy'
PACKAGE_STRING='moon-buggy 1.0.51'
PACKAGE_TARNAME='moon-buggy'
PACKAGE_URL=''
PACKAGE_VERSION='1.0.51'
PATH_SEPARATOR=':'
SET_MAKE=''
SHELL='/bin/bash'
STRIP=''
VERSION='1.0.51'
ac_ct_CC='gcc'
am__EXEEXT_FALSE=''
am__EXEEXT_TRUE='#'
am__fastdepCC_FALSE='#'
am__fastdepCC_TRUE=''
am__include='include'
am__isrc=''
am__leading_dot='.'
am__nodep='_no'
am__quote=''
am__tar='$${TAR-tar} chof - "$$tardir"'
am__untar='$${TAR-tar} xf -'
bindir='${exec_prefix}/bin'
build='x86_64-pc-linux-gnu'
build_alias=''
build_cpu='x86_64'
build_os='linux-gnu'
build_vendor='pc'
datadir='${datarootdir}'
datarootdir='${prefix}/share'
docdir='${datarootdir}/doc/${PACKAGE_TARNAME}'
dvidir='${docdir}'
exec_prefix='${prefix}'
host='x86_64-pc-linux-gnu'
host_alias=''
host_cpu='x86_64'
host_os='linux-gnu'
host_vendor='pc'
htmldir='${docdir}'
includedir='${prefix}/include'
infodir='${datarootdir}/info'
install_sh='${SHELL} /mnt/c/Users/Surface/Desktop/UVA/SoftwareSecurity/CS-6501-Software-Security-via-Program-Analysis/Zombie-Moon-Buggy/moon-buggy-master/install-sh'
libdir='${exec_prefix}/lib'
libexecdir='${exec_prefix}/libexec'
localedir='${datarootdir}/locale'
localstatedir='${prefix}/var'
mandir='${datarootdir}/man'
mkdir_p='$(MKDIR_P)'
oldincludedir='/usr/include'
pdfdir='${docdir}'
prefix='/usr/local'
program_transform_name='s,x,x,'
psdir='${docdir}'
runstatedir='${localstatedir}/run'
sbindir='${exec_prefix}/sbin'
sharedstatedir='${prefix}/com'
short_getopt_FALSE=''
short_getopt_TRUE='#'
sysconfdir='${prefix}/etc'
target_alias=''

## ----------- ##
## confdefs.h. ##
## ----------- ##

/* confdefs.h */
#define PACKAGE_NAME "moon-buggy"
#define PACKAGE_TARNAME "moon-buggy"
#define PACKAGE_VERSION "1.0.51"
#define PACKAGE_STRING "moon-buggy 1.0.51"
#define PACKAGE_BUGREPORT "voss@seehuhn.de"
#define PACKAGE_URL ""
#define PACKAGE "moon-buggy"
#define VERSION "1.0.51"
#define _XOPEN_SOURCE 1
#define HAVE_LIBM 1
#define HAVE_STDIO_H 1
#define HAVE_STDLIB_H 1
#define HAVE_STRING_H 1
#define HAVE_INTTYPES_H 1
#define HAVE_STDINT_H 1
#define HAVE_STRINGS_H 1
#define HAVE_SYS_STAT_H 1
#define HAVE_SYS_TYPES_H 1
#define HAVE_UNISTD_H 1
#define STDC_HEADERS 1
#define HAVE_CURSES_H 1
#define CURSES_HEADER <curses.h>
#define HAVE_GETOPT_H 1
#define HAVE_ERRNO_H 1
#define HAVE_LOCALE_H 1
#define HAVE_TERMIOS_H 1
#define HAVE_SYS_SELECT_H 1
#define RETSIGTYPE void
#define HAVE_FTRUNCATE 1
#define HAVE_GETOPT_LONG 1
#define HAVE_SETREUID 1
#define HAVE_SETLOCALE 1

configure: exit 0
